<?xml version="1.0" encoding="UTF-8"?>
<!-- Generated by org.testng.reporters.JUnitReportReporter -->
<testsuite hostname="B1009809" name="DS.HPCompFrTest" tests="31" failures="0" timestamp="10 Oct 2019 14:22:28 GMT" time="63.903" errors="0">
  <testcase name="TheSellGeneralConditionsTextIsPresent" time="0.096" classname="DS.HPCompFrTest"/>
  <testcase name="GotTheUserGeneralConditionsPDF" time="3.414" classname="DS.HPCompFrTest"/>
  <testcase name="GotTheRightUrlWhenClickingOnTheDelieveryStepsLink" time="3.439" classname="DS.HPCompFrTest"/>
  <testcase name="GotTheRightUrlWhenClickingOnProfessionalCarsLink" time="3.680" classname="DS.HPCompFrTest"/>
  <testcase name="ThePeugeotLogoIsDisplayed" time="0.058" classname="DS.HPCompFrTest"/>
  <testcase name="GotYoutubePageWhenClickingTheyoutubeIcone" time="4.269" classname="DS.HPCompFrTest"/>
  <testcase name="GotTheCookiesPopUp" time="3.577" classname="DS.HPCompFrTest"/>
  <testcase name="GotTheRightUrlWhenClickingOnUsedCarsLink" time="3.518" classname="DS.HPCompFrTest"/>
  <testcase name="TheUserGeneralConditionsTextIsPresent" time="0.149" classname="DS.HPCompFrTest"/>
  <testcase name="TheTwiterIconeIsPresent" time="0.076" classname="DS.HPCompFrTest"/>
  <testcase name="GotTheSellGeneralConditionsPDF" time="3.384" classname="DS.HPCompFrTest"/>
  <testcase name="GotFacebookPageWhenClickingTheFacebookIcone" time="4.688" classname="DS.HPCompFrTest"/>
  <testcase name="GotTwiterPageWhenClickingTheTwiterIcone" time="6.111" classname="DS.HPCompFrTest"/>
  <testcase name="GotTheRightUrlWhenClickingOnTheFAQLink" time="3.403" classname="DS.HPCompFrTest"/>
  <testcase name="TheFacebookIconeIsPresent" time="0.412" classname="DS.HPCompFrTest"/>
  <testcase name="GotTheRightUrlWhenClickingOnTheDealersLink" time="3.416" classname="DS.HPCompFrTest"/>
  <testcase name="TheMySaveIconIsDisplayed" time="0.045" classname="DS.HPCompFrTest"/>
  <testcase name="GotTheRightUrlWhenClickingOnCarConfiguratorLink" time="4.206" classname="DS.HPCompFrTest"/>
  <testcase name="TheYoutubeIconeIsPresent" time="0.067" classname="DS.HPCompFrTest"/>
  <testcase name="ThePageTitleBrandisCorrect" time="0.493" classname="DS.HPCompFrTest"/>
  <testcase name="ThePageTitleisCorrect" time="0.052" classname="DS.HPCompFrTest"/>
  <testcase name="TheNeedHelpTextIsDisplayed" time="0.046" classname="DS.HPCompFrTest"/>
  <testcase name="TheNeedHelpIconeIsDisplayed" time="0.040" classname="DS.HPCompFrTest"/>
  <testcase name="TheMySaveTextIsDisplayed" time="0.048" classname="DS.HPCompFrTest"/>
  <testcase name="TheTextUnderThePageTitleIsCorrect" time="0.048" classname="DS.HPCompFrTest"/>
  <testcase name="GotToHomePageWhenClickingOnTheCitÃ«nLogo" time="1.175" classname="DS.HPCompFrTest"/>
  <testcase name="TheCookiesTextIsPresent" time="0.060" classname="DS.HPCompFrTest"/>
  <testcase name="GotAPopupWhenClickingOnNeedHelpBotton" time="3.447" classname="DS.HPCompFrTest"/>
  <testcase name="GotTheRightUrlWhenClickingOnWebsotrePaimentLink" time="3.435" classname="DS.HPCompFrTest"/>
  <testcase name="GotTheRightUrlWhenClickingOnCarAccessoriesLink" time="3.621" classname="DS.HPCompFrTest"/>
  <testcase name="GotTheRightUrlWhenClickingOnTheOrderStepsLink" time="3.430" classname="DS.HPCompFrTest"/>
</testsuite> <!-- DS.HPCompFrTest -->
