<?xml version="1.0" encoding="UTF-8"?>
<!-- Generated by org.testng.reporters.JUnitReportReporter -->
<testsuite skipped="0" hostname="B1009809" name="Peugeot.PreProdHomePageComponentsPeugeotItalyTest" tests="13" failures="0" timestamp="25 avr. 2019 09:20:34 GMT" time="45.508" errors="0">
  <testcase name="ThePeugeotLogoIsDisplayed" time="0.200" classname="Peugeot.PreProdHomePageComponentsPeugeotItalyTest"/>
  <testcase name="TheTextUnderThePageTitleIsCorrect" time="0.072" classname="Peugeot.PreProdHomePageComponentsPeugeotItalyTest"/>
  <testcase name="GotToHomePageWhenClickingOnThePeugeotLogo" time="24.417" classname="Peugeot.PreProdHomePageComponentsPeugeotItalyTest"/>
  <testcase name="TheTwiterIconeIsPresent" time="0.040" classname="Peugeot.PreProdHomePageComponentsPeugeotItalyTest"/>
  <testcase name="TheFacebookIconeIsPresent" time="0.036" classname="Peugeot.PreProdHomePageComponentsPeugeotItalyTest"/>
  <testcase name="TheYoutubeIconeIsPresent" time="0.032" classname="Peugeot.PreProdHomePageComponentsPeugeotItalyTest"/>
  <testcase name="GotTwiterPageWhenClickingTheTwiterIcone" time="4.995" classname="Peugeot.PreProdHomePageComponentsPeugeotItalyTest"/>
  <testcase name="GotFacebookPageWhenClickingTheFacebookIcone" time="3.469" classname="Peugeot.PreProdHomePageComponentsPeugeotItalyTest"/>
  <testcase name="GotYoutubePageWhenClickingTheyoutubeIcone" time="4.886" classname="Peugeot.PreProdHomePageComponentsPeugeotItalyTest"/>
  <testcase name="TheUserGeneralConditionsTextIsPresent" time="0.120" classname="Peugeot.PreProdHomePageComponentsPeugeotItalyTest"/>
  <testcase name="TheCookiesTextIsPresent" time="0.036" classname="Peugeot.PreProdHomePageComponentsPeugeotItalyTest"/>
  <testcase name="GotTheGeneralInformationPage" time="3.472" classname="Peugeot.PreProdHomePageComponentsPeugeotItalyTest"/>
  <testcase name="GotTheCookiesPopUp" time="3.733" classname="Peugeot.PreProdHomePageComponentsPeugeotItalyTest"/>
</testsuite> <!-- Peugeot.PreProdHomePageComponentsPeugeotItalyTest -->
