<?xml version="1.0" encoding="UTF-8"?>
<!-- Generated by org.testng.reporters.JUnitReportReporter -->
<testsuite skipped="0" hostname="B1009809" name="Citroën.LeadsCITestRecetteCitroën" tests="1" failures="0" timestamp="05 avr. 2019 09:29:42 GMT" time="27.589" errors="0">
  <testcase name="TheLeadHAvebeenSubmittedForPeugeotFrance" time="27.589" classname="Citroën.LeadsCITestRecetteCitroën"/>
</testsuite> <!-- Citroën.LeadsCITestRecetteCitroën -->
