<?xml version="1.0" encoding="UTF-8"?>
<!-- Generated by org.testng.reporters.JUnitReportReporter -->
<testsuite skipped="0" hostname="B1009809" name="Peugeot.HomePageComponentsPeugeotFrancePreProdTest" tests="20" failures="0" timestamp="09 avr. 2019 13:30:45 GMT" time="30.435" errors="0">
  <testcase name="ThePeugeotLogoIsDisplayed" time="0.976" classname="Peugeot.HomePageComponentsPeugeotFrancePreProdTest"/>
  <testcase name="TheMySaveIconIsDisplayed" time="0.045" classname="Peugeot.HomePageComponentsPeugeotFrancePreProdTest"/>
  <testcase name="TheMySaveTextIsDisplayed" time="0.048" classname="Peugeot.HomePageComponentsPeugeotFrancePreProdTest"/>
  <testcase name="TheNeedHelpIconeIsDisplayed" time="0.024" classname="Peugeot.HomePageComponentsPeugeotFrancePreProdTest"/>
  <testcase name="TheNeedHelpTextIsDisplayed" time="0.048" classname="Peugeot.HomePageComponentsPeugeotFrancePreProdTest"/>
  <testcase name="TheTextUnderThePageTitleIsCorrect" time="0.049" classname="Peugeot.HomePageComponentsPeugeotFrancePreProdTest"/>
  <testcase name="GotToHomePageWhenClickingOnThePeugeotLogo" time="3.011" classname="Peugeot.HomePageComponentsPeugeotFrancePreProdTest"/>
  <testcase name="GotAPopupWhenClickingOnNeedHelpBotton" time="3.380" classname="Peugeot.HomePageComponentsPeugeotFrancePreProdTest"/>
  <testcase name="TheTwiterIconeIsPresent" time="0.049" classname="Peugeot.HomePageComponentsPeugeotFrancePreProdTest"/>
  <testcase name="TheFacebookIconeIsPresent" time="0.036" classname="Peugeot.HomePageComponentsPeugeotFrancePreProdTest"/>
  <testcase name="TheYoutubeIconeIsPresent" time="0.035" classname="Peugeot.HomePageComponentsPeugeotFrancePreProdTest"/>
  <testcase name="GotTwiterPageWhenClickingTheTwiterIcone" time="3.974" classname="Peugeot.HomePageComponentsPeugeotFrancePreProdTest"/>
  <testcase name="GotFacebookPageWhenClickingTheFacebookIcone" time="3.446" classname="Peugeot.HomePageComponentsPeugeotFrancePreProdTest"/>
  <testcase name="GotYoutubePageWhenClickingTheyoutubeIcone" time="4.738" classname="Peugeot.HomePageComponentsPeugeotFrancePreProdTest"/>
  <testcase name="TheUserGeneralConditionsTextIsPresent" time="0.072" classname="Peugeot.HomePageComponentsPeugeotFrancePreProdTest"/>
  <testcase name="TheSellGeneralConditionsTextIsPresent" time="0.077" classname="Peugeot.HomePageComponentsPeugeotFrancePreProdTest"/>
  <testcase name="TheCookiesTextIsPresent" time="0.039" classname="Peugeot.HomePageComponentsPeugeotFrancePreProdTest"/>
  <testcase name="GotTheUserGeneralConditionsPDF" time="3.424" classname="Peugeot.HomePageComponentsPeugeotFrancePreProdTest"/>
  <testcase name="GotTheSellGeneralConditionsPDF" time="3.448" classname="Peugeot.HomePageComponentsPeugeotFrancePreProdTest"/>
  <testcase name="GotTheCookiesPopUp" time="3.516" classname="Peugeot.HomePageComponentsPeugeotFrancePreProdTest"/>
</testsuite> <!-- Peugeot.HomePageComponentsPeugeotFrancePreProdTest -->
