<?xml version="1.0" encoding="UTF-8"?>
<!-- Generated by org.testng.reporters.JUnitReportReporter -->
<testsuite skipped="0" hostname="B1009809" name="Peugeot.PreprodHomePagetestItalyTest" tests="2" failures="0" timestamp="10 avr. 2019 12:59:43 GMT" time="68.112" errors="0">
  <testcase name="TheNumberOfofferschangeWhenChosingAModelAndLocation" time="50.251" classname="Peugeot.PreprodHomePagetestItalyTest"/>
  <testcase name="ThePriceChangesWhenModelChange" time="17.861" classname="Peugeot.PreprodHomePagetestItalyTest"/>
</testsuite> <!-- Peugeot.PreprodHomePagetestItalyTest -->
