<?xml version="1.0" encoding="UTF-8"?>
<!-- Generated by org.testng.reporters.JUnitReportReporter -->
<testsuite skipped="0" hostname="B1009809" name="Peugeot.HPItalyTest" tests="2" failures="0" timestamp="20 mai 2019 21:07:21 GMT" time="63.215" errors="0">
  <testcase name="TheNumberOfofferschangeWhenChosingAModelAndLocation" time="12.578" classname="Peugeot.HPItalyTest"/>
  <testcase name="ThePriceChangesWhenModelChange" time="50.637" classname="Peugeot.HPItalyTest"/>
</testsuite> <!-- Peugeot.HPItalyTest -->
