<?xml version="1.0" encoding="UTF-8"?>
<!-- Generated by org.testng.reporters.JUnitReportReporter -->
<testsuite skipped="0" hostname="B1009809" name="Peugeot.ProdHomePageComponentsPeugeotItalyTest" tests="13" failures="0" timestamp="02 mai 2019 15:19:45 GMT" time="31.038" errors="0">
  <testcase name="ThePeugeotLogoIsDisplayed" time="0.076" classname="Peugeot.ProdHomePageComponentsPeugeotItalyTest"/>
  <testcase name="TheTextUnderThePageTitleIsCorrect" time="0.064" classname="Peugeot.ProdHomePageComponentsPeugeotItalyTest"/>
  <testcase name="GotToHomePageWhenClickingOnThePeugeotLogo" time="9.529" classname="Peugeot.ProdHomePageComponentsPeugeotItalyTest"/>
  <testcase name="TheTwiterIconeIsPresent" time="0.064" classname="Peugeot.ProdHomePageComponentsPeugeotItalyTest"/>
  <testcase name="TheFacebookIconeIsPresent" time="0.048" classname="Peugeot.ProdHomePageComponentsPeugeotItalyTest"/>
  <testcase name="TheYoutubeIconeIsPresent" time="0.044" classname="Peugeot.ProdHomePageComponentsPeugeotItalyTest"/>
  <testcase name="GotTwiterPageWhenClickingTheTwiterIcone" time="5.371" classname="Peugeot.ProdHomePageComponentsPeugeotItalyTest"/>
  <testcase name="GotFacebookPageWhenClickingTheFacebookIcone" time="3.548" classname="Peugeot.ProdHomePageComponentsPeugeotItalyTest"/>
  <testcase name="GotYoutubePageWhenClickingTheyoutubeIcone" time="4.887" classname="Peugeot.ProdHomePageComponentsPeugeotItalyTest"/>
  <testcase name="TheUserGeneralConditionsTextIsPresent" time="0.104" classname="Peugeot.ProdHomePageComponentsPeugeotItalyTest"/>
  <testcase name="TheCookiesTextIsPresent" time="0.048" classname="Peugeot.ProdHomePageComponentsPeugeotItalyTest"/>
  <testcase name="GotTheGeneralInformationPage" time="3.462" classname="Peugeot.ProdHomePageComponentsPeugeotItalyTest"/>
  <testcase name="GotTheCookiesPopUp" time="3.793" classname="Peugeot.ProdHomePageComponentsPeugeotItalyTest"/>
</testsuite> <!-- Peugeot.ProdHomePageComponentsPeugeotItalyTest -->
