<?xml version="1.0" encoding="UTF-8"?>
<!-- Generated by org.testng.reporters.JUnitReportReporter -->
<testsuite hostname="B1009809" name="Peugeot.ProductPageFrTest" tests="10" failures="0" timestamp="21 Oct 2019 12:44:29 GMT" time="49.060" errors="0">
  <testcase name="ThePriceEstimationCanBeClosed" time="5.811" classname="Peugeot.ProductPageFrTest"/>
  <testcase name="ThePricebeforeOptionsIsLowerThanTheTTCPrice" time="4.642" classname="Peugeot.ProductPageFrTest"/>
  <testcase name="TheExternalImageIsDisplayed" time="0.970" classname="Peugeot.ProductPageFrTest"/>
  <testcase name="OpenBrowse" time="12.438" classname="Peugeot.ProductPageFrTest"/>
  <testcase name="ThePriceEstimationCanBeOpened" time="5.844" classname="Peugeot.ProductPageFrTest"/>
  <testcase name="TheInternalImageIsDisplayed" time="0.509" classname="Peugeot.ProductPageFrTest"/>
  <testcase name="ThePopupPriceDetailsCanBeClosed" time="4.527" classname="Peugeot.ProductPageFrTest"/>
  <testcase name="ThePriceInTheProductPageIsEqualToThePriceInThePopoup" time="4.946" classname="Peugeot.ProductPageFrTest"/>
  <testcase name="The360ViewIsDisplayed" time="0.837" classname="Peugeot.ProductPageFrTest"/>
  <testcase name="ThePopupPriceDetailsCanBeOpened" time="8.536" classname="Peugeot.ProductPageFrTest"/>
</testsuite> <!-- Peugeot.ProductPageFrTest -->
