<?xml version="1.0" encoding="UTF-8"?>
<!-- Generated by org.testng.reporters.JUnitReportReporter -->
<testsuite skipped="0" hostname="B1009809" name="Peugeot.testvcg" tests="1" failures="0" timestamp="18 juin 2019 14:18:36 GMT" time="46.752" errors="0">
  <testcase name="Testvcg" time="46.752" classname="Peugeot.testvcg"/>
</testsuite> <!-- Peugeot.testvcg -->
