<?xml version="1.0" encoding="UTF-8"?>
<!-- Generated by org.testng.reporters.JUnitReportReporter -->
<testsuite hostname="B1009809" name="Peugeot.HPCompFrTest" tests="30" failures="0" timestamp="21 Oct 2019 12:38:55 GMT" time="75.999" errors="0">
  <testcase name="TheFacebookIconeIsPresent" time="1.370" classname="Peugeot.HPCompFrTest"/>
  <testcase name="TheYoutubeIconeIsPresent" time="0.140" classname="Peugeot.HPCompFrTest"/>
  <testcase name="TheTextUnderThePageTitleIsCorrect" time="0.249" classname="Peugeot.HPCompFrTest"/>
  <testcase name="GotYoutubePageWhenClickingTheyoutubeIcone" time="6.232" classname="Peugeot.HPCompFrTest"/>
  <testcase name="GotAPopupWhenClickingOnNeedHelpBotton" time="3.466" classname="Peugeot.HPCompFrTest"/>
  <testcase name="TheUserGeneralConditionsTextIsPresent" time="0.223" classname="Peugeot.HPCompFrTest"/>
  <testcase name="GotFacebookPageWhenClickingTheFacebookIcone" time="6.214" classname="Peugeot.HPCompFrTest"/>
  <testcase name="GotToHomePageWhenClickingOnThePeugeotLogo" time="4.306" classname="Peugeot.HPCompFrTest"/>
  <testcase name="GotTheUserGeneralConditionsPDF" time="3.589" classname="Peugeot.HPCompFrTest"/>
  <testcase name="ThePeugeotLogoIsDisplayed" time="0.270" classname="Peugeot.HPCompFrTest"/>
  <testcase name="GotTheRightUrlWhenClickingOnUsedCarsLink" time="4.406" classname="Peugeot.HPCompFrTest"/>
  <testcase name="GotTheRightUrlWhenClickingOnWebsotrePaimentLink" time="3.661" classname="Peugeot.HPCompFrTest"/>
  <testcase name="TheMySaveIconIsDisplayed" time="0.114" classname="Peugeot.HPCompFrTest"/>
  <testcase name="GotTheRightUrlWhenClickingOnCarConfiguratorLink" time="4.299" classname="Peugeot.HPCompFrTest"/>
  <testcase name="ThePageTitleisCorrect" time="1.294" classname="Peugeot.HPCompFrTest"/>
  <testcase name="GotTheRightUrlWhenClickingOnProfessionalCarsLink" time="3.847" classname="Peugeot.HPCompFrTest"/>
  <testcase name="GotTheRightUrlWhenClickingOnTheFAQLink" time="3.687" classname="Peugeot.HPCompFrTest"/>
  <testcase name="GotTheRightUrlWhenClickingOnCarAccessoriesLink" time="4.019" classname="Peugeot.HPCompFrTest"/>
  <testcase name="TheSellGeneralConditionsTextIsPresent" time="0.169" classname="Peugeot.HPCompFrTest"/>
  <testcase name="GotTheRightUrlWhenClickingOnTheDealersLink" time="3.861" classname="Peugeot.HPCompFrTest"/>
  <testcase name="TheCookiesTextIsPresent" time="0.151" classname="Peugeot.HPCompFrTest"/>
  <testcase name="TheMySaveTextIsDisplayed" time="0.114" classname="Peugeot.HPCompFrTest"/>
  <testcase name="TheNeedHelpIconeIsDisplayed" time="0.104" classname="Peugeot.HPCompFrTest"/>
  <testcase name="GotTheRightUrlWhenClickingOnTheOrderStepsLink" time="3.622" classname="Peugeot.HPCompFrTest"/>
  <testcase name="GotTheCookiesPopUp" time="4.342" classname="Peugeot.HPCompFrTest"/>
  <testcase name="TheNeedHelpTextIsDisplayed" time="0.103" classname="Peugeot.HPCompFrTest"/>
  <testcase name="TheTwiterIconeIsPresent" time="0.129" classname="Peugeot.HPCompFrTest"/>
  <testcase name="GotTheRightUrlWhenClickingOnTheDelieveryStepsLink" time="3.580" classname="Peugeot.HPCompFrTest"/>
  <testcase name="GotTwiterPageWhenClickingTheTwiterIcone" time="4.729" classname="Peugeot.HPCompFrTest"/>
  <testcase name="GotTheSellGeneralConditionsPDF" time="3.709" classname="Peugeot.HPCompFrTest"/>
</testsuite> <!-- Peugeot.HPCompFrTest -->
