<?xml version="1.0" encoding="UTF-8"?>
<!-- Generated by org.testng.reporters.JUnitReportReporter -->
<testsuite hostname="B1009809" name="Peugeot.LeadsTestWithEstimation" tests="1" failures="0" timestamp="16 Oct 2019 22:33:57 GMT" time="51.091" errors="0">
  <testcase name="TheEstimationIswriteOnthecontactFormforPeugeotFrance" time="51.091" classname="Peugeot.LeadsTestWithEstimation"/>
</testsuite> <!-- Peugeot.LeadsTestWithEstimation -->
