<?xml version="1.0" encoding="UTF-8"?>
<!-- Generated by org.testng.reporters.JUnitReportReporter -->
<testsuite skipped="0" hostname="B1009809" name="Peugeot.HomePagetestPreprodSpain" tests="2" failures="0" timestamp="09 avr. 2019 10:17:45 GMT" time="125.783" errors="0">
  <testcase name="TheNumberOfofferschangeWhenChosingAModelAndLocation" time="83.438" classname="Peugeot.HomePagetestPreprodSpain"/>
  <testcase name="ThePriceChangesWhenModelChange" time="42.345" classname="Peugeot.HomePagetestPreprodSpain"/>
</testsuite> <!-- Peugeot.HomePagetestPreprodSpain -->
