<?xml version="1.0" encoding="UTF-8"?>
<!-- Generated by org.testng.reporters.JUnitReportReporter -->
<testsuite skipped="0" hostname="B1009809" name="DS.PreprodLeadsDSTest" tests="2" failures="0" timestamp="10 avr. 2019 11:55:59 GMT" time="39.291" errors="0">
  <testcase name="TheLeadHAvebeenSubmittedForPeugeotFrance" time="20.004" classname="DS.PreprodLeadsDSTest"/>
  <testcase name="TheLeadHAvebeenSubmittedForPeugeotSpain" time="19.287" classname="DS.PreprodLeadsDSTest"/>
</testsuite> <!-- DS.PreprodLeadsDSTest -->
