<?xml version="1.0" encoding="UTF-8"?>
<!-- Generated by org.testng.reporters.JUnitReportReporter -->
<testsuite hostname="B1009809" name="Peugeot.HPTest" tests="8" failures="0" timestamp="31 Jul 2019 15:10:42 GMT" time="305.860" errors="0">
  <testcase name="ThePriceChangesWhenModelChange" time="25.216" classname="Peugeot.HPTest"/>
  <testcase name="ThePriceChangesWhenModelChange" time="20.244" classname="Peugeot.HPTest"/>
  <testcase name="TheNumberOfofferschangeWhenChosingAModelAndLocation" time="53.846" classname="Peugeot.HPTest"/>
  <testcase name="ThePriceChangesWhenModelChange" time="16.635" classname="Peugeot.HPTest"/>
  <testcase name="TheNumberOfofferschangeWhenChosingAModelAndLocation" time="52.962" classname="Peugeot.HPTest"/>
  <testcase name="ThePriceChangesWhenModelChange" time="17.653" classname="Peugeot.HPTest"/>
  <testcase name="TheNumberOfofferschangeWhenChosingAModelAndLocation" time="77.022" classname="Peugeot.HPTest"/>
  <testcase name="TheNumberOfofferschangeWhenChosingAModelAndLocation" time="42.282" classname="Peugeot.HPTest"/>
</testsuite> <!-- Peugeot.HPTest -->
