<?xml version="1.0" encoding="UTF-8"?>
<!-- Generated by org.testng.reporters.JUnitReportReporter -->
<testsuite skipped="0" hostname="B1009809" name="Peugeot.Subclass" tests="2" failures="0" timestamp="15 mai 2019 13:07:38 GMT" time="0.015" errors="0">
  <testcase name="TestSuper" time="0.013" classname="Peugeot.Subclass"/>
  <testcase name="TestSubClass" time="0.002" classname="Peugeot.Subclass"/>
</testsuite> <!-- Peugeot.Subclass -->
