<?xml version="1.0" encoding="UTF-8"?>
<!-- Generated by org.testng.reporters.JUnitReportReporter -->
<testsuite skipped="0" hostname="B1009809" name="Peugeot.HomePagetestRecetteSpain" tests="2" failures="0" timestamp="02 avr. 2019 10:05:09 GMT" time="117.687" errors="0">
  <testcase name="TheNumberOfofferschangeWhenChosingAModelAndLocation" time="77.569" classname="Peugeot.HomePagetestRecetteSpain"/>
  <testcase name="ThePriceChangesWhenModelChange" time="40.118" classname="Peugeot.HomePagetestRecetteSpain"/>
</testsuite> <!-- Peugeot.HomePagetestRecetteSpain -->
