<?xml version="1.0" encoding="UTF-8"?>
<!-- Generated by org.testng.reporters.JUnitReportReporter -->
<testsuite hostname="B1009809" name="Peugeot.LeadsTest" tests="1" failures="0" timestamp="21 Oct 2019 15:10:16 GMT" time="53.677" errors="0">
  <testcase name="TheLeadHAvebeenSubmittedForPeugeotFrance" time="53.677" classname="Peugeot.LeadsTest"/>
</testsuite> <!-- Peugeot.LeadsTest -->
