<?xml version="1.0" encoding="UTF-8"?>
<!-- Generated by org.testng.reporters.JUnitReportReporter -->
<testsuite skipped="0" hostname="B1009809" name="Peugeot.HomePagetestPreprodItaly" tests="2" failures="0" timestamp="09 avr. 2019 10:17:45 GMT" time="49.294" errors="0">
  <testcase name="TheNumberOfofferschangeWhenChosingAModelAndLocation" time="13.369" classname="Peugeot.HomePagetestPreprodItaly"/>
  <testcase name="ThePriceChangesWhenModelChange" time="35.925" classname="Peugeot.HomePagetestPreprodItaly"/>
</testsuite> <!-- Peugeot.HomePagetestPreprodItaly -->
