<?xml version="1.0" encoding="UTF-8"?>
<!-- Generated by org.testng.reporters.JUnitReportReporter -->
<testsuite skipped="0" hostname="B1009809" name="Citroën.LeadsCITestPreprodCitroën" tests="1" failures="0" timestamp="09 avr. 2019 08:37:55 GMT" time="30.054" errors="0">
  <testcase name="TheLeadHAvebeenSubmittedForPeugeotFrance" time="30.054" classname="Citroën.LeadsCITestPreprodCitroën"/>
</testsuite> <!-- Citroën.LeadsCITestPreprodCitroën -->
