<?xml version="1.0" encoding="UTF-8"?>
<!-- Generated by org.testng.reporters.JUnitReportReporter -->
<testsuite skipped="0" hostname="B1009809" name="Peugeot.HomePagetestRecetteFrance" tests="2" failures="0" timestamp="02 avr. 2019 10:05:09 GMT" time="88.632" errors="0">
  <testcase name="TheNumberOfofferschangeWhenChosingAModelAndLocation" time="58.130" classname="Peugeot.HomePagetestRecetteFrance"/>
  <testcase name="ThePriceChangesWhenModelChange" time="30.502" classname="Peugeot.HomePagetestRecetteFrance"/>
</testsuite> <!-- Peugeot.HomePagetestRecetteFrance -->
