<?xml version="1.0" encoding="UTF-8"?>
<!-- Generated by org.testng.reporters.JUnitReportReporter -->
<testsuite skipped="0" hostname="B1009809" name="Peugeot.HomePagetestPreprodFrance" tests="2" failures="0" timestamp="09 avr. 2019 10:17:45 GMT" time="70.471" errors="0">
  <testcase name="TheNumberOfofferschangeWhenChosingAModelAndLocation" time="45.984" classname="Peugeot.HomePagetestPreprodFrance"/>
  <testcase name="ThePriceChangesWhenModelChange" time="24.487" classname="Peugeot.HomePagetestPreprodFrance"/>
</testsuite> <!-- Peugeot.HomePagetestPreprodFrance -->
