<?xml version="1.0" encoding="UTF-8"?>
<!-- Generated by org.testng.reporters.JUnitReportReporter -->
<testsuite hostname="B1009809" name="Citroën.LeadsTest" tests="6" failures="0" timestamp="21 Oct 2019 10:08:30 GMT" time="196.708" errors="0">
  <testcase name="TheLeadHAvebeenSubmittedForCitroënSpain" time="41.037" classname="Citroën.LeadsTest"/>
  <testcase name="TheLeadHAvebeenSubmittedForCitroënBelgiumNL" time="26.256" classname="Citroën.LeadsTest"/>
  <testcase name="TheLeadHAvebeenSubmittedForCitroënFrance" time="46.901" classname="Citroën.LeadsTest"/>
  <testcase name="TheLeadHAvebeenSubmittedForPortugal" time="28.958" classname="Citroën.LeadsTest"/>
  <testcase name="TheLeadHAvebeenSubmittedForCitroënBelgiumFR" time="25.092" classname="Citroën.LeadsTest"/>
  <testcase name="TheLeadHAvebeenSubmittedForCitroënItaly" time="28.464" classname="Citroën.LeadsTest"/>
</testsuite> <!-- Citroën.LeadsTest -->
