<?xml version="1.0" encoding="UTF-8"?>
<!-- Generated by org.testng.reporters.JUnitReportReporter -->
<testsuite skipped="0" hostname="B1009809" name="Peugeot.ProdHomePageComponentsPeugeotSpainTest" tests="9" failures="0" timestamp="02 mai 2019 15:19:45 GMT" time="59.646" errors="0">
  <testcase name="ThePeugeotLogoIsDisplayed" time="0.080" classname="Peugeot.ProdHomePageComponentsPeugeotSpainTest"/>
  <testcase name="TheTextUnderThePageTitleIsCorrect" time="0.084" classname="Peugeot.ProdHomePageComponentsPeugeotSpainTest"/>
  <testcase name="GotToHomePageWhenClickingOnThePeugeotLogo" time="48.510" classname="Peugeot.ProdHomePageComponentsPeugeotSpainTest"/>
  <testcase name="TheFacebookIconeIsPresent" time="0.048" classname="Peugeot.ProdHomePageComponentsPeugeotSpainTest"/>
  <testcase name="GotFacebookPageWhenClickingTheFacebookIcone" time="3.573" classname="Peugeot.ProdHomePageComponentsPeugeotSpainTest"/>
  <testcase name="TheUserGeneralConditionsTextIsPresent" time="0.100" classname="Peugeot.ProdHomePageComponentsPeugeotSpainTest"/>
  <testcase name="TheCookiesTextIsPresent" time="0.045" classname="Peugeot.ProdHomePageComponentsPeugeotSpainTest"/>
  <testcase name="GotTheUserGeneralConditionsPage" time="3.452" classname="Peugeot.ProdHomePageComponentsPeugeotSpainTest"/>
  <testcase name="GotTheCookiesPopUp" time="3.754" classname="Peugeot.ProdHomePageComponentsPeugeotSpainTest"/>
</testsuite> <!-- Peugeot.ProdHomePageComponentsPeugeotSpainTest -->
