<?xml version="1.0" encoding="UTF-8"?>
<!-- Generated by org.testng.reporters.JUnitReportReporter -->
<testsuite hostname="B1009809" name="Peugeot.ResultPageTestLight" tests="1" failures="0" timestamp="2 Oct 2019 12:24:33 GMT" time="36.193" errors="0">
  <testcase name="CheckThatTheNumberOfOfferschangesWhenChangingEngine" time="36.193" classname="Peugeot.ResultPageTestLight"/>
</testsuite> <!-- Peugeot.ResultPageTestLight -->
