<?xml version="1.0" encoding="UTF-8"?>
<!-- Generated by org.testng.reporters.JUnitReportReporter -->
<testsuite skipped="0" hostname="B1009809" name="Peugeot.ExtendReport" tests="1" failures="0" timestamp="14 May 2019 09:16:51 GMT" time="0.837" errors="0">
  <testcase name="loginTest" time="0.837" classname="Peugeot.ExtendReport"/>
</testsuite> <!-- Peugeot.ExtendReport -->
