<?xml version="1.0" encoding="UTF-8"?>
<!-- Generated by org.testng.reporters.JUnitReportReporter -->
<testsuite skipped="0" hostname="B1009809" name="Citroën.PreprodLeadsCitroënTest" tests="5" failures="0" timestamp="10 avr. 2019 11:38:18 GMT" time="183.709" errors="0">
  <testcase name="TheLeadHAvebeenSubmittedForPeugeotFrance" time="40.832" classname="Citroën.PreprodLeadsCitroënTest"/>
  <testcase name="TheLeadHAvebeenSubmittedForPeugeotSpain" time="33.947" classname="Citroën.PreprodLeadsCitroënTest"/>
  <testcase name="TheLeadHAvebeenSubmittedForPeugeotItaly" time="33.823" classname="Citroën.PreprodLeadsCitroënTest"/>
  <testcase name="TheLeadHAvebeenSubmittedForPeugeotBelgiumFR" time="43.413" classname="Citroën.PreprodLeadsCitroënTest"/>
  <testcase name="TheLeadHAvebeenSubmittedForPeugeotBelgiumNL" time="31.694" classname="Citroën.PreprodLeadsCitroënTest"/>
</testsuite> <!-- Citroën.PreprodLeadsCitroënTest -->
