<?xml version="1.0" encoding="UTF-8"?>
<!-- Generated by org.testng.reporters.JUnitReportReporter -->
<testsuite skipped="0" hostname="B1009809" name="Peugeot.PreprodHomePagetestSpainTest" tests="2" failures="0" timestamp="10 avr. 2019 12:59:43 GMT" time="127.591" errors="0">
  <testcase name="TheNumberOfofferschangeWhenChosingAModelAndLocation" time="85.819" classname="Peugeot.PreprodHomePagetestSpainTest"/>
  <testcase name="ThePriceChangesWhenModelChange" time="41.772" classname="Peugeot.PreprodHomePagetestSpainTest"/>
</testsuite> <!-- Peugeot.PreprodHomePagetestSpainTest -->
