<?xml version="1.0" encoding="UTF-8"?>
<!-- Generated by org.testng.reporters.JUnitReportReporter -->
<testsuite hostname="B1009809" name="Peugeot.HPCompItTest" tests="18" failures="0" timestamp="10 Oct 2019 14:22:28 GMT" time="44.073" errors="0">
  <testcase name="TheYoutubeIconeIsPresent" time="0.113" classname="Peugeot.HPCompItTest"/>
  <testcase name="GotTheRightUrlWhenClickingOnProfessionalCarsLink" time="3.666" classname="Peugeot.HPCompItTest"/>
  <testcase name="GotTheRightUrlWhenClickingOnCarConfiguratorLink" time="3.530" classname="Peugeot.HPCompItTest"/>
  <testcase name="GotTwiterPageWhenClickingTheTwiterIcone" time="3.862" classname="Peugeot.HPCompItTest"/>
  <testcase name="TheTwiterIconeIsPresent" time="0.435" classname="Peugeot.HPCompItTest"/>
  <testcase name="TheTextUnderThePageTitleIsCorrect" time="0.137" classname="Peugeot.HPCompItTest"/>
  <testcase name="GotTheRightUrlWhenClickingOnUsedCarsLink" time="3.607" classname="Peugeot.HPCompItTest"/>
  <testcase name="ThePeugeotLogoIsDisplayed" time="0.360" classname="Peugeot.HPCompItTest"/>
  <testcase name="GotToHomePageWhenClickingOnThePeugeotLogo" time="2.458" classname="Peugeot.HPCompItTest"/>
  <testcase name="TheFacebookIconeIsPresent" time="0.096" classname="Peugeot.HPCompItTest"/>
  <testcase name="GotTheRightUrlWhenClickingOnTheDealersLink" time="3.612" classname="Peugeot.HPCompItTest"/>
  <testcase name="GotTheCookiesPopUp" time="3.793" classname="Peugeot.HPCompItTest"/>
  <testcase name="GotTheGeneralInformationPage" time="3.330" classname="Peugeot.HPCompItTest"/>
  <testcase name="GotFacebookPageWhenClickingTheFacebookIcone" time="4.103" classname="Peugeot.HPCompItTest"/>
  <testcase name="GotTheRightUrlWhenClickingOnCarAccessoriesLink" time="6.408" classname="Peugeot.HPCompItTest"/>
  <testcase name="GotYoutubePageWhenClickingTheyoutubeIcone" time="4.302" classname="Peugeot.HPCompItTest"/>
  <testcase name="TheUserGeneralConditionsTextIsPresent" time="0.170" classname="Peugeot.HPCompItTest"/>
  <testcase name="TheCookiesTextIsPresent" time="0.091" classname="Peugeot.HPCompItTest"/>
</testsuite> <!-- Peugeot.HPCompItTest -->
