<?xml version="1.0" encoding="UTF-8"?>
<!-- Generated by org.testng.reporters.JUnitReportReporter -->
<testsuite hostname="B1009809" failures="0" tests="2" name="Peugeot.WidgetTest" time="12.467" errors="0" timestamp="17 avr. 2019 09:51:47 GMT" skipped="0">
  <testcase classname="Peugeot.WidgetTest" name="TheListOfModels" time="6.246"/>
  <testcase classname="Peugeot.WidgetTest" name="TheListofFilters" time="6.221"/>
</testsuite> <!-- Peugeot.WidgetTest -->
