<?xml version="1.0" encoding="UTF-8"?>
<!-- Generated by org.testng.reporters.JUnitReportReporter -->
<testsuite skipped="0" hostname="B1009809" name="Peugeot.PreprodLeadsPeugeotTest" tests="1" failures="0" timestamp="29 avr. 2019 15:55:41 GMT" time="20.663" errors="0">
  <testcase name="TheLeadHAvebeenSubmittedForPeugeotFrance" time="20.663" classname="Peugeot.PreprodLeadsPeugeotTest"/>
</testsuite> <!-- Peugeot.PreprodLeadsPeugeotTest -->
