<?xml version="1.0" encoding="UTF-8"?>
<!-- Generated by org.testng.reporters.JUnitReportReporter -->
<testsuite skipped="0" hostname="B1009809" name="PSAProject.HomePagetest" tests="2" failures="0" timestamp="01 avr. 2019 07:51:08 GMT" time="70.077" errors="0">
  <testcase name="TheNumberOfofferschangeWhenChosingAModelAndLocation" time="45.693" classname="PSAProject.HomePagetest"/>
  <testcase name="ThePriceChangesWhenModelChange" time="24.384" classname="PSAProject.HomePagetest"/>
</testsuite> <!-- PSAProject.HomePagetest -->
