<?xml version="1.0" encoding="UTF-8"?>
<!-- Generated by org.testng.reporters.JUnitReportReporter -->
<testsuite skipped="0" hostname="B1009809" name="Peugeot.superclass" tests="1" failures="0" timestamp="15 mai 2019 15:36:34 GMT" time="0.014" errors="0">
  <testcase name="TestSuper" time="0.014" classname="Peugeot.superclass"/>
</testsuite> <!-- Peugeot.superclass -->
