<?xml version="1.0" encoding="UTF-8"?>
<!-- Generated by org.testng.reporters.JUnitReportReporter -->
<testsuite skipped="0" hostname="B1009809" name="Peugeot.PreprodHomePagetestFranceTest" tests="1" failures="0" timestamp="23 Apr 2019 16:11:54 GMT" time="27.612" errors="0">
  <testcase name="ThePriceChangesWhenModelChange" time="27.612" classname="Peugeot.PreprodHomePagetestFranceTest"/>
</testsuite> <!-- Peugeot.PreprodHomePagetestFranceTest -->
