<?xml version="1.0" encoding="UTF-8"?>
<!-- Generated by org.testng.reporters.JUnitReportReporter -->
<testsuite skipped="0" hostname="B1009809" name="Citroën.HPCompFrTestAC" tests="22" failures="0" timestamp="20 May 2019 13:35:21 GMT" time="35.411" errors="0">
  <testcase name="ThePageTitleBrandisCorrect" time="0.413" classname="Citroën.HPCompFrTestAC"/>
  <testcase name="ThePageTitleisCorrect" time="0.085" classname="Citroën.HPCompFrTestAC"/>
  <testcase name="ThePeugeotLogoIsDisplayed" time="0.067" classname="Citroën.HPCompFrTestAC"/>
  <testcase name="TheTextUnderThePageTitleIsCorrect" time="0.070" classname="Citroën.HPCompFrTestAC"/>
  <testcase name="GotToHomePageWhenClickingOnTheCitënLogo" time="2.295" classname="Citroën.HPCompFrTestAC"/>
  <testcase name="TheFacebookIconeIsPresent" time="0.073" classname="Citroën.HPCompFrTestAC"/>
  <testcase name="GotFacebookPageWhenClickingTheFacebookIcone" time="7.735" classname="Citroën.HPCompFrTestAC"/>
  <testcase name="TheUserGeneralConditionsTextIsPresent" time="0.120" classname="Citroën.HPCompFrTestAC"/>
  <testcase name="TheCookiesTextIsPresent" time="0.082" classname="Citroën.HPCompFrTestAC"/>
  <testcase name="GotTheUserGeneralConditionsPDF" time="3.455" classname="Citroën.HPCompFrTestAC"/>
  <testcase name="GotTheCookiesPopUp" time="3.663" classname="Citroën.HPCompFrTestAC"/>
  <testcase name="TheMySaveIconIsDisplayed" time="0.051" classname="Citroën.HPCompFrTestAC"/>
  <testcase name="TheMySaveTextIsDisplayed" time="0.068" classname="Citroën.HPCompFrTestAC"/>
  <testcase name="TheNeedHelpIconeIsDisplayed" time="0.048" classname="Citroën.HPCompFrTestAC"/>
  <testcase name="TheNeedHelpTextIsDisplayed" time="0.059" classname="Citroën.HPCompFrTestAC"/>
  <testcase name="GotAPopupWhenClickingOnNeedHelpBotton" time="3.491" classname="Citroën.HPCompFrTestAC"/>
  <testcase name="TheTwiterIconeIsPresent" time="0.078" classname="Citroën.HPCompFrTestAC"/>
  <testcase name="TheYoutubeIconeIsPresent" time="0.059" classname="Citroën.HPCompFrTestAC"/>
  <testcase name="GotTwiterPageWhenClickingTheTwiterIcone" time="4.828" classname="Citroën.HPCompFrTestAC"/>
  <testcase name="GotYoutubePageWhenClickingTheyoutubeIcone" time="5.180" classname="Citroën.HPCompFrTestAC"/>
  <testcase name="TheSellGeneralConditionsTextIsPresent" time="0.133" classname="Citroën.HPCompFrTestAC"/>
  <testcase name="GotTheSellGeneralConditionsPDF" time="3.358" classname="Citroën.HPCompFrTestAC"/>
</testsuite> <!-- Citroën.HPCompFrTestAC -->
